[0.007s] Invoking command in '/home/idgaf/Documents/robot/Robot_ros2_ws/build/aar6': CMAKE_PREFIX_PATH=${CMAKE_PREFIX_PATH}:/opt/ros/jazzy DEBUGINFOD_URLS=https://debuginfod.ubuntu.com /usr/bin/cmake --build /home/idgaf/Documents/robot/Robot_ros2_ws/build/aar6 -- -j16 -l16
[0.025s] -- Found ament_cmake: 2.5.4 (/opt/ros/jazzy/share/ament_cmake/cmake)
[0.177s] -- Found ament_lint_auto: 0.17.2 (/opt/ros/jazzy/share/ament_lint_auto/cmake)
[0.243s] -- Added test 'cppcheck' to perform static code analysis on C / C++ code
[0.243s] -- Configured cppcheck include dirs: 
[0.243s] -- Configured cppcheck exclude dirs and/or files: 
[0.243s] -- Added test 'flake8' to check Python code syntax and style conventions
[0.243s] -- Configured 'flake8' exclude dirs and/or files: 
[0.243s] -- Added test 'lint_cmake' to check CMake code style
[0.243s] -- Added test 'pep257' to check Python code against some of the docstring style conventions in PEP 257
[0.244s] -- Added test 'uncrustify' to check C / C++ code style
[0.244s] -- Configured uncrustify additional arguments: 
[0.244s] -- Added test 'xmllint' to check XML markup files
[0.245s] -- Configuring done (0.2s)
[0.248s] -- Generating done (0.0s)
[0.250s] -- Build files have been written to: /home/idgaf/Documents/robot/Robot_ros2_ws/build/aar6
[0.275s] [ 50%] [32mBuilding CXX object CMakeFiles/joint_state_pub.dir/src/joint_state_pub.cpp.o[0m
[0.326s] [01m[K/home/idgaf/Documents/robot/Robot_ros2_ws/src/aar6/src/joint_state_pub.cpp:1:10:[m[K [01;31m[Kfatal error: [m[Krclcpp/rclcpp.hpp: No such file or directory
[0.326s]     1 | #include [01;31m[K<rclcpp/rclcpp.hpp>[m[K
[0.326s]       |          [01;31m[K^~~~~~~~~~~~~~~~~~~[m[K
[0.326s] compilation terminated.
[0.327s] gmake[2]: *** [CMakeFiles/joint_state_pub.dir/build.make:76: CMakeFiles/joint_state_pub.dir/src/joint_state_pub.cpp.o] Error 1
[0.327s] gmake[1]: *** [CMakeFiles/Makefile2:137: CMakeFiles/joint_state_pub.dir/all] Error 2
[0.327s] gmake: *** [Makefile:146: all] Error 2
[0.329s] Invoked command in '/home/idgaf/Documents/robot/Robot_ros2_ws/build/aar6' returned '2': CMAKE_PREFIX_PATH=${CMAKE_PREFIX_PATH}:/opt/ros/jazzy DEBUGINFOD_URLS=https://debuginfod.ubuntu.com /usr/bin/cmake --build /home/idgaf/Documents/robot/Robot_ros2_ws/build/aar6 -- -j16 -l16
